<?xml version="1.0" encoding="UTF-8"?>
<!-- Generated by org.testng.reporters.JUnitReportReporter -->
<testsuite hostname="LAPTOP-T2NCHBJT" failures="0" tests="1" name="testCases.TC_001_AccountRegistrationTest" time="4.949" errors="0" timestamp="2023-09-01T18:17:08 EDT" skipped="0">
  <testcase classname="testCases.TC_001_AccountRegistrationTest" name="test_accountRegistration" time="4.949"/>
</testsuite> <!-- testCases.TC_001_AccountRegistrationTest -->
