<?xml version="1.0" encoding="UTF-8"?>
<!-- Generated by org.testng.reporters.JUnitReportReporter -->
<testsuite hostname="LAPTOP-T2NCHBJT" failures="0" tests="1" name="testCases.TC_002_LoginTest" time="1.312" errors="0" timestamp="2023-09-01T18:17:08 EDT" skipped="0">
  <testcase classname="testCases.TC_002_LoginTest" name="test_Login" time="1.312"/>
</testsuite> <!-- testCases.TC_002_LoginTest -->
